{"/Volumes/Wallies Extreme SSD/VscodeWorkspaceSSD/VstudioCode/TestingPractice/TestingJs/Section2FirstTest/app.js": {"path":"/Volumes/Wallies Extreme SSD/VscodeWorkspaceSSD/VstudioCode/TestingPractice/TestingJs/Section2FirstTest/app.js","all":false,"statementMap":{"0":{"start":{"line":1,"column":0},"end":{"line":1,"column":21}},"1":{"start":{"line":2,"column":0},"end":{"line":2,"column":14}},"2":{"start":{"line":3,"column":0},"end":{"line":3,"column":1}},"3":{"start":{"line":4,"column":0},"end":{"line":4,"column":0}},"4":{"start":{"line":5,"column":0},"end":{"line":5,"column":22}}},"s":{"0":1,"1":2,"2":2,"3":1,"4":1},"branchMap":{"0":{"type":"branch","line":1,"loc":{"start":{"line":1,"column":13},"end":{"line":3,"column":1}},"locations":[{"start":{"line":1,"column":13},"end":{"line":3,"column":1}}]}},"b":{"0":[2]},"fnMap":{"0":{"name":"addUp","decl":{"start":{"line":1,"column":13},"end":{"line":3,"column":1}},"loc":{"start":{"line":1,"column":13},"end":{"line":3,"column":1}},"line":1}},"f":{"0":2}}
}
