<?xml version="1.0" encoding="UTF-8"?>
<coverage generated="1695989037014" clover="3.2.0">
  <project timestamp="1695989037014" name="All files">
    <metrics statements="35" coveredstatements="35" conditionals="34" coveredconditionals="29" methods="6" coveredmethods="6" elements="75" coveredelements="70" complexity="0" loc="35" ncloc="35" packages="1" files="2" classes="2"/>
    <file name="app.js" path="/Volumes/External SSD/CodingSpace/TestingPractice/TestingWithJest/Day14TestingIp/app.js">
      <metrics statements="14" coveredstatements="14" conditionals="14" coveredconditionals="14" methods="3" coveredmethods="3"/>
      <line num="1" count="1" type="stmt"/>
      <line num="2" count="6" type="cond" truecount="2" falsecount="0"/>
      <line num="3" count="1" type="stmt"/>
      <line num="6" count="5" type="stmt"/>
      <line num="7" count="5" type="cond" truecount="2" falsecount="0"/>
      <line num="8" count="1" type="stmt"/>
      <line num="11" count="4" type="cond" truecount="2" falsecount="0"/>
      <line num="12" count="1" type="stmt"/>
      <line num="15" count="10" type="cond" truecount="4" falsecount="0"/>
      <line num="16" count="1" type="stmt"/>
      <line num="18" count="6" type="cond" truecount="4" falsecount="0"/>
      <line num="19" count="1" type="stmt"/>
      <line num="22" count="1" type="stmt"/>
      <line num="25" count="1" type="stmt"/>
    </file>
    <file name="second.js" path="/Volumes/External SSD/CodingSpace/TestingPractice/TestingWithJest/Day14TestingIp/second.js">
      <metrics statements="21" coveredstatements="21" conditionals="20" coveredconditionals="15" methods="3" coveredmethods="3"/>
      <line num="1" count="1" type="stmt"/>
      <line num="2" count="6" type="stmt"/>
      <line num="3" count="6" type="stmt"/>
      <line num="4" count="6" type="cond" truecount="2" falsecount="0"/>
      <line num="5" count="1" type="stmt"/>
      <line num="8" count="5" type="stmt"/>
      <line num="10" count="5" type="cond" truecount="2" falsecount="0"/>
      <line num="11" count="1" type="stmt"/>
      <line num="13" count="4" type="stmt"/>
      <line num="14" count="16" type="cond" truecount="2" falsecount="0"/>
      <line num="15" count="1" type="stmt"/>
      <line num="16" count="15" type="cond" truecount="4" falsecount="4"/>
      <line num="17" count="1" type="stmt"/>
      <line num="18" count="14" type="cond" truecount="4" falsecount="0"/>
      <line num="19" count="1" type="stmt"/>
      <line num="26" count="5" type="cond" truecount="1" falsecount="1"/>
      <line num="30" count="1" type="stmt"/>
      <line num="32" count="1" type="stmt"/>
      <line num="34" count="1" type="stmt"/>
      <line num="35" count="1" type="stmt"/>
      <line num="37" count="1" type="stmt"/>
    </file>
  </project>
</coverage>
