<?xml version="1.0" encoding="UTF-8"?>
<coverage generated="1695958188304" clover="3.2.0">
  <project timestamp="1695958188304" name="All files">
    <metrics statements="17" coveredstatements="17" conditionals="14" coveredconditionals="14" methods="3" coveredmethods="3" elements="34" coveredelements="34" complexity="0" loc="17" ncloc="17" packages="1" files="1" classes="1"/>
    <file name="app.js" path="/Volumes/External SSD/CodingSpace/TestingPractice/TestingWithJest/Day14TestingIp/app.js">
      <metrics statements="17" coveredstatements="17" conditionals="14" coveredconditionals="14" methods="3" coveredmethods="3"/>
      <line num="1" count="2" type="stmt"/>
      <line num="2" count="12" type="cond" truecount="2" falsecount="0"/>
      <line num="3" count="2" type="stmt"/>
      <line num="6" count="10" type="stmt"/>
      <line num="7" count="10" type="cond" truecount="2" falsecount="0"/>
      <line num="8" count="2" type="stmt"/>
      <line num="11" count="8" type="cond" truecount="2" falsecount="0"/>
      <line num="12" count="2" type="stmt"/>
      <line num="15" count="20" type="cond" truecount="4" falsecount="0"/>
      <line num="16" count="2" type="stmt"/>
      <line num="18" count="12" type="cond" truecount="4" falsecount="0"/>
      <line num="19" count="2" type="stmt"/>
      <line num="22" count="2" type="stmt"/>
      <line num="25" count="2" type="stmt"/>
      <line num="27" count="2" type="stmt"/>
      <line num="28" count="2" type="stmt"/>
      <line num="30" count="2" type="stmt"/>
    </file>
  </project>
</coverage>
