{"/Volumes/External SSD/CodingSpace/TestingPractice/TestingWithJest/Day14TestingIp/app.js": {"path":"/Volumes/External SSD/CodingSpace/TestingPractice/TestingWithJest/Day14TestingIp/app.js","statementMap":{"0":{"start":{"line":1,"column":19},"end":{"line":23,"column":1}},"1":{"start":{"line":2,"column":4},"end":{"line":4,"column":5}},"2":{"start":{"line":3,"column":8},"end":{"line":3,"column":14}},"3":{"start":{"line":6,"column":16},"end":{"line":6,"column":32}},"4":{"start":{"line":7,"column":4},"end":{"line":9,"column":5}},"5":{"start":{"line":8,"column":8},"end":{"line":8,"column":56}},"6":{"start":{"line":11,"column":4},"end":{"line":13,"column":5}},"7":{"start":{"line":12,"column":8},"end":{"line":12,"column":49}},"8":{"start":{"line":15,"column":4},"end":{"line":17,"column":5}},"9":{"start":{"line":15,"column":23},"end":{"line":15,"column":39}},"10":{"start":{"line":16,"column":8},"end":{"line":16,"column":89}},"11":{"start":{"line":18,"column":4},"end":{"line":20,"column":5}},"12":{"start":{"line":18,"column":26},"end":{"line":18,"column":57}},"13":{"start":{"line":19,"column":8},"end":{"line":19,"column":65}},"14":{"start":{"line":22,"column":4},"end":{"line":22,"column":16}},"15":{"start":{"line":25,"column":0},"end":{"line":25,"column":27}}},"fnMap":{"0":{"name":"(anonymous_0)","decl":{"start":{"line":1,"column":19},"end":{"line":1,"column":20}},"loc":{"start":{"line":1,"column":28},"end":{"line":23,"column":1}},"line":1},"1":{"name":"(anonymous_1)","decl":{"start":{"line":15,"column":18},"end":{"line":15,"column":19}},"loc":{"start":{"line":15,"column":23},"end":{"line":15,"column":39}},"line":15},"2":{"name":"(anonymous_2)","decl":{"start":{"line":18,"column":19},"end":{"line":18,"column":20}},"loc":{"start":{"line":18,"column":26},"end":{"line":18,"column":57}},"line":18}},"branchMap":{"0":{"loc":{"start":{"line":2,"column":4},"end":{"line":4,"column":5}},"type":"if","locations":[{"start":{"line":2,"column":4},"end":{"line":4,"column":5}},{"start":{},"end":{}}],"line":2},"1":{"loc":{"start":{"line":7,"column":4},"end":{"line":9,"column":5}},"type":"if","locations":[{"start":{"line":7,"column":4},"end":{"line":9,"column":5}},{"start":{},"end":{}}],"line":7},"2":{"loc":{"start":{"line":11,"column":4},"end":{"line":13,"column":5}},"type":"if","locations":[{"start":{"line":11,"column":4},"end":{"line":13,"column":5}},{"start":{},"end":{}}],"line":11},"3":{"loc":{"start":{"line":15,"column":4},"end":{"line":17,"column":5}},"type":"if","locations":[{"start":{"line":15,"column":4},"end":{"line":17,"column":5}},{"start":{},"end":{}}],"line":15},"4":{"loc":{"start":{"line":15,"column":23},"end":{"line":15,"column":39}},"type":"binary-expr","locations":[{"start":{"line":15,"column":23},"end":{"line":15,"column":29}},{"start":{"line":15,"column":31},"end":{"line":15,"column":39}}],"line":15},"5":{"loc":{"start":{"line":18,"column":4},"end":{"line":20,"column":5}},"type":"if","locations":[{"start":{"line":18,"column":4},"end":{"line":20,"column":5}},{"start":{},"end":{}}],"line":18},"6":{"loc":{"start":{"line":18,"column":26},"end":{"line":18,"column":57}},"type":"binary-expr","locations":[{"start":{"line":18,"column":26},"end":{"line":18,"column":40}},{"start":{"line":18,"column":44},"end":{"line":18,"column":57}}],"line":18}},"s":{"0":1,"1":6,"2":1,"3":5,"4":5,"5":1,"6":4,"7":1,"8":3,"9":10,"10":1,"11":2,"12":6,"13":1,"14":1,"15":1},"f":{"0":6,"1":10,"2":6},"b":{"0":[1,5],"1":[1,4],"2":[1,3],"3":[1,2],"4":[10,10],"5":[1,1],"6":[6,6]},"_coverageSchema":"1a1c01bbd47fc00a2c39e90264f33305004495a9","hash":"f682517425b7bbd77e403fa6cbd87add5de21029"}
,"/Volumes/External SSD/CodingSpace/TestingPractice/TestingWithJest/Day14TestingIp/second.js": {"path":"/Volumes/External SSD/CodingSpace/TestingPractice/TestingWithJest/Day14TestingIp/second.js","statementMap":{"0":{"start":{"line":1,"column":19},"end":{"line":28,"column":1}},"1":{"start":{"line":2,"column":18},"end":{"line":2,"column":23}},"2":{"start":{"line":3,"column":14},"end":{"line":3,"column":16}},"3":{"start":{"line":4,"column":4},"end":{"line":6,"column":5}},"4":{"start":{"line":5,"column":8},"end":{"line":5,"column":24}},"5":{"start":{"line":8,"column":4},"end":{"line":8,"column":27}},"6":{"start":{"line":10,"column":4},"end":{"line":22,"column":5}},"7":{"start":{"line":11,"column":8},"end":{"line":11,"column":59}},"8":{"start":{"line":13,"column":8},"end":{"line":21,"column":11}},"9":{"start":{"line":14,"column":12},"end":{"line":20,"column":13}},"10":{"start":{"line":15,"column":16},"end":{"line":15,"column":60}},"11":{"start":{"line":16,"column":18},"end":{"line":20,"column":13}},"12":{"start":{"line":17,"column":16},"end":{"line":17,"column":100}},"13":{"start":{"line":18,"column":18},"end":{"line":20,"column":13}},"14":{"start":{"line":19,"column":16},"end":{"line":19,"column":76}},"15":{"start":{"line":26,"column":0},"end":{"line":26,"column":30}},"16":{"start":{"line":30,"column":14},"end":{"line":30,"column":22}},"17":{"start":{"line":30,"column":18},"end":{"line":30,"column":22}},"18":{"start":{"line":32,"column":0},"end":{"line":32,"column":35}},"19":{"start":{"line":34,"column":0},"end":{"line":34,"column":18}},"20":{"start":{"line":35,"column":13},"end":{"line":35,"column":29}},"21":{"start":{"line":37,"column":0},"end":{"line":37,"column":17}}},"fnMap":{"0":{"name":"(anonymous_0)","decl":{"start":{"line":1,"column":19},"end":{"line":1,"column":20}},"loc":{"start":{"line":1,"column":28},"end":{"line":28,"column":1}},"line":1},"1":{"name":"(anonymous_1)","decl":{"start":{"line":13,"column":20},"end":{"line":13,"column":21}},"loc":{"start":{"line":13,"column":31},"end":{"line":21,"column":9}},"line":13},"2":{"name":"(anonymous_2)","decl":{"start":{"line":30,"column":14},"end":{"line":30,"column":15}},"loc":{"start":{"line":30,"column":18},"end":{"line":30,"column":22}},"line":30}},"branchMap":{"0":{"loc":{"start":{"line":4,"column":4},"end":{"line":6,"column":5}},"type":"if","locations":[{"start":{"line":4,"column":4},"end":{"line":6,"column":5}},{"start":{},"end":{}}],"line":4},"1":{"loc":{"start":{"line":10,"column":4},"end":{"line":22,"column":5}},"type":"if","locations":[{"start":{"line":10,"column":4},"end":{"line":22,"column":5}},{"start":{"line":12,"column":9},"end":{"line":22,"column":5}}],"line":10},"2":{"loc":{"start":{"line":14,"column":12},"end":{"line":20,"column":13}},"type":"if","locations":[{"start":{"line":14,"column":12},"end":{"line":20,"column":13}},{"start":{"line":16,"column":18},"end":{"line":20,"column":13}}],"line":14},"3":{"loc":{"start":{"line":16,"column":18},"end":{"line":20,"column":13}},"type":"if","locations":[{"start":{"line":16,"column":18},"end":{"line":20,"column":13}},{"start":{"line":18,"column":18},"end":{"line":20,"column":13}}],"line":16},"4":{"loc":{"start":{"line":16,"column":21},"end":{"line":16,"column":89}},"type":"binary-expr","locations":[{"start":{"line":16,"column":21},"end":{"line":16,"column":33}},{"start":{"line":16,"column":35},"end":{"line":16,"column":45}},{"start":{"line":16,"column":49},"end":{"line":16,"column":61}},{"start":{"line":16,"column":64},"end":{"line":16,"column":89}}],"line":16},"5":{"loc":{"start":{"line":16,"column":66},"end":{"line":16,"column":88}},"type":"binary-expr","locations":[{"start":{"line":16,"column":66},"end":{"line":16,"column":76}},{"start":{"line":16,"column":78},"end":{"line":16,"column":88}}],"line":16},"6":{"loc":{"start":{"line":18,"column":18},"end":{"line":20,"column":13}},"type":"if","locations":[{"start":{"line":18,"column":18},"end":{"line":20,"column":13}},{"start":{},"end":{}}],"line":18},"7":{"loc":{"start":{"line":18,"column":21},"end":{"line":18,"column":50}},"type":"binary-expr","locations":[{"start":{"line":18,"column":21},"end":{"line":18,"column":36}},{"start":{"line":18,"column":40},"end":{"line":18,"column":50}}],"line":18},"8":{"loc":{"start":{"line":26,"column":7},"end":{"line":26,"column":30}},"type":"cond-expr","locations":[{"start":{"line":26,"column":17},"end":{"line":26,"column":24}},{"start":{"line":26,"column":25},"end":{"line":26,"column":30}}],"line":26}},"s":{"0":1,"1":6,"2":6,"3":6,"4":1,"5":5,"6":5,"7":1,"8":4,"9":16,"10":1,"11":15,"12":1,"13":14,"14":1,"15":5,"16":1,"17":1,"18":1,"19":1,"20":1,"21":1},"f":{"0":6,"1":16,"2":1},"b":{"0":[1,5],"1":[1,4],"2":[1,15],"3":[1,14],"4":[15,14,0,0],"5":[0,0],"6":[1,13],"7":[14,3],"8":[5,0]},"_coverageSchema":"1a1c01bbd47fc00a2c39e90264f33305004495a9","hash":"cdfde0a4d3574f082c8b2683f876b94370bfcb71"}
}
