{"/Volumes/External SSD/CodingSpace/TestingPractice/TestingWithJest/Day14TestingIp/app.js": {"path":"/Volumes/External SSD/CodingSpace/TestingPractice/TestingWithJest/Day14TestingIp/app.js","statementMap":{"0":{"start":{"line":1,"column":19},"end":{"line":23,"column":1}},"1":{"start":{"line":2,"column":4},"end":{"line":4,"column":5}},"2":{"start":{"line":3,"column":8},"end":{"line":3,"column":14}},"3":{"start":{"line":6,"column":16},"end":{"line":6,"column":32}},"4":{"start":{"line":7,"column":4},"end":{"line":9,"column":5}},"5":{"start":{"line":8,"column":8},"end":{"line":8,"column":56}},"6":{"start":{"line":11,"column":4},"end":{"line":13,"column":5}},"7":{"start":{"line":12,"column":8},"end":{"line":12,"column":49}},"8":{"start":{"line":15,"column":4},"end":{"line":17,"column":5}},"9":{"start":{"line":15,"column":23},"end":{"line":15,"column":39}},"10":{"start":{"line":16,"column":8},"end":{"line":16,"column":89}},"11":{"start":{"line":18,"column":4},"end":{"line":20,"column":5}},"12":{"start":{"line":18,"column":26},"end":{"line":18,"column":57}},"13":{"start":{"line":19,"column":8},"end":{"line":19,"column":65}},"14":{"start":{"line":22,"column":4},"end":{"line":22,"column":16}},"15":{"start":{"line":25,"column":0},"end":{"line":25,"column":27}},"16":{"start":{"line":27,"column":0},"end":{"line":27,"column":18}},"17":{"start":{"line":28,"column":13},"end":{"line":28,"column":29}},"18":{"start":{"line":30,"column":0},"end":{"line":30,"column":17}}},"fnMap":{"0":{"name":"(anonymous_0)","decl":{"start":{"line":1,"column":19},"end":{"line":1,"column":20}},"loc":{"start":{"line":1,"column":28},"end":{"line":23,"column":1}},"line":1},"1":{"name":"(anonymous_1)","decl":{"start":{"line":15,"column":18},"end":{"line":15,"column":19}},"loc":{"start":{"line":15,"column":23},"end":{"line":15,"column":39}},"line":15},"2":{"name":"(anonymous_2)","decl":{"start":{"line":18,"column":19},"end":{"line":18,"column":20}},"loc":{"start":{"line":18,"column":26},"end":{"line":18,"column":57}},"line":18}},"branchMap":{"0":{"loc":{"start":{"line":2,"column":4},"end":{"line":4,"column":5}},"type":"if","locations":[{"start":{"line":2,"column":4},"end":{"line":4,"column":5}},{"start":{},"end":{}}],"line":2},"1":{"loc":{"start":{"line":7,"column":4},"end":{"line":9,"column":5}},"type":"if","locations":[{"start":{"line":7,"column":4},"end":{"line":9,"column":5}},{"start":{},"end":{}}],"line":7},"2":{"loc":{"start":{"line":11,"column":4},"end":{"line":13,"column":5}},"type":"if","locations":[{"start":{"line":11,"column":4},"end":{"line":13,"column":5}},{"start":{},"end":{}}],"line":11},"3":{"loc":{"start":{"line":15,"column":4},"end":{"line":17,"column":5}},"type":"if","locations":[{"start":{"line":15,"column":4},"end":{"line":17,"column":5}},{"start":{},"end":{}}],"line":15},"4":{"loc":{"start":{"line":15,"column":23},"end":{"line":15,"column":39}},"type":"binary-expr","locations":[{"start":{"line":15,"column":23},"end":{"line":15,"column":29}},{"start":{"line":15,"column":31},"end":{"line":15,"column":39}}],"line":15},"5":{"loc":{"start":{"line":18,"column":4},"end":{"line":20,"column":5}},"type":"if","locations":[{"start":{"line":18,"column":4},"end":{"line":20,"column":5}},{"start":{},"end":{}}],"line":18},"6":{"loc":{"start":{"line":18,"column":26},"end":{"line":18,"column":57}},"type":"binary-expr","locations":[{"start":{"line":18,"column":26},"end":{"line":18,"column":40}},{"start":{"line":18,"column":44},"end":{"line":18,"column":57}}],"line":18}},"s":{"0":2,"1":12,"2":2,"3":10,"4":10,"5":2,"6":8,"7":2,"8":6,"9":20,"10":2,"11":4,"12":12,"13":2,"14":2,"15":2,"16":2,"17":2,"18":2},"f":{"0":12,"1":20,"2":12},"b":{"0":[2,10],"1":[2,8],"2":[2,6],"3":[2,4],"4":[20,20],"5":[2,2],"6":[12,12]},"_coverageSchema":"1a1c01bbd47fc00a2c39e90264f33305004495a9","hash":"407802c6b06866f6dc858e29fa1012ecd6fa9c8f"}
}
