TN:
SF:app.js
FN:1,(anonymous_0)
FN:15,(anonymous_1)
FN:18,(anonymous_2)
FNF:3
FNH:3
FNDA:6,(anonymous_0)
FNDA:10,(anonymous_1)
FNDA:6,(anonymous_2)
DA:1,1
DA:2,6
DA:3,1
DA:6,5
DA:7,5
DA:8,1
DA:11,4
DA:12,1
DA:15,10
DA:16,1
DA:18,6
DA:19,1
DA:22,1
DA:25,1
LF:14
LH:14
BRDA:2,0,0,1
BRDA:2,0,1,5
BRDA:7,1,0,1
BRDA:7,1,1,4
BRDA:11,2,0,1
BRDA:11,2,1,3
BRDA:15,3,0,1
BRDA:15,3,1,2
BRDA:15,4,0,10
BRDA:15,4,1,10
BRDA:18,5,0,1
BRDA:18,5,1,1
BRDA:18,6,0,6
BRDA:18,6,1,6
BRF:14
BRH:14
end_of_record
TN:
SF:second.js
FN:1,(anonymous_0)
FN:13,(anonymous_1)
FN:30,(anonymous_2)
FNF:3
FNH:3
FNDA:6,(anonymous_0)
FNDA:16,(anonymous_1)
FNDA:1,(anonymous_2)
DA:1,1
DA:2,6
DA:3,6
DA:4,6
DA:5,1
DA:8,5
DA:10,5
DA:11,1
DA:13,4
DA:14,16
DA:15,1
DA:16,15
DA:17,1
DA:18,14
DA:19,1
DA:26,5
DA:30,1
DA:32,1
DA:34,1
DA:35,1
DA:37,1
LF:21
LH:21
BRDA:4,0,0,1
BRDA:4,0,1,5
BRDA:10,1,0,1
BRDA:10,1,1,4
BRDA:14,2,0,1
BRDA:14,2,1,15
BRDA:16,3,0,1
BRDA:16,3,1,14
BRDA:16,4,0,15
BRDA:16,4,1,14
BRDA:16,4,2,0
BRDA:16,4,3,0
BRDA:16,5,0,0
BRDA:16,5,1,0
BRDA:18,6,0,1
BRDA:18,6,1,13
BRDA:18,7,0,14
BRDA:18,7,1,3
BRDA:26,8,0,5
BRDA:26,8,1,0
BRF:20
BRH:15
end_of_record
