TN:
SF:app.js
FN:1,(anonymous_0)
FN:15,(anonymous_1)
FN:18,(anonymous_2)
FNF:3
FNH:3
FNDA:12,(anonymous_0)
FNDA:20,(anonymous_1)
FNDA:12,(anonymous_2)
DA:1,2
DA:2,12
DA:3,2
DA:6,10
DA:7,10
DA:8,2
DA:11,8
DA:12,2
DA:15,20
DA:16,2
DA:18,12
DA:19,2
DA:22,2
DA:25,2
DA:27,2
DA:28,2
DA:30,2
LF:17
LH:17
BRDA:2,0,0,2
BRDA:2,0,1,10
BRDA:7,1,0,2
BRDA:7,1,1,8
BRDA:11,2,0,2
BRDA:11,2,1,6
BRDA:15,3,0,2
BRDA:15,3,1,4
BRDA:15,4,0,20
BRDA:15,4,1,20
BRDA:18,5,0,2
BRDA:18,5,1,2
BRDA:18,6,0,12
BRDA:18,6,1,12
BRF:14
BRH:14
end_of_record
