{"/Volumes/External SSD/CodingSpace/TestingPractice/TestingWithJest/Day8/app.js": {"path":"/Volumes/External SSD/CodingSpace/TestingPractice/TestingWithJest/Day8/app.js","all":false,"statementMap":{"0":{"start":{"line":1,"column":0},"end":{"line":1,"column":25}},"1":{"start":{"line":2,"column":0},"end":{"line":2,"column":35}},"2":{"start":{"line":3,"column":0},"end":{"line":3,"column":1}},"3":{"start":{"line":4,"column":0},"end":{"line":4,"column":0}},"4":{"start":{"line":5,"column":0},"end":{"line":5,"column":18}},"5":{"start":{"line":6,"column":0},"end":{"line":6,"column":15}},"6":{"start":{"line":7,"column":0},"end":{"line":7,"column":2}}},"s":{"0":1,"1":2,"2":2,"3":1,"4":1,"5":1,"6":1},"branchMap":{"0":{"type":"branch","line":1,"loc":{"start":{"line":1,"column":20},"end":{"line":3,"column":1}},"locations":[{"start":{"line":1,"column":20},"end":{"line":3,"column":1}}]}},"b":{"0":[2]},"fnMap":{"0":{"name":"doSomething","decl":{"start":{"line":1,"column":20},"end":{"line":3,"column":1}},"loc":{"start":{"line":1,"column":20},"end":{"line":3,"column":1}},"line":1}},"f":{"0":2}}
,"/Volumes/External SSD/CodingSpace/TestingPractice/TestingWithJest/Day8/app2.js": {"path":"/Volumes/External SSD/CodingSpace/TestingPractice/TestingWithJest/Day8/app2.js","all":false,"statementMap":{"0":{"start":{"line":1,"column":0},"end":{"line":1,"column":47}},"1":{"start":{"line":2,"column":0},"end":{"line":2,"column":0}},"2":{"start":{"line":3,"column":0},"end":{"line":3,"column":21}},"3":{"start":{"line":4,"column":0},"end":{"line":4,"column":20}},"4":{"start":{"line":5,"column":0},"end":{"line":5,"column":1}},"5":{"start":{"line":6,"column":0},"end":{"line":6,"column":0}},"6":{"start":{"line":7,"column":0},"end":{"line":7,"column":18}},"7":{"start":{"line":8,"column":0},"end":{"line":8,"column":11}},"8":{"start":{"line":9,"column":0},"end":{"line":9,"column":1}}},"s":{"0":1,"1":1,"2":1,"3":4,"4":4,"5":1,"6":1,"7":1,"8":1},"branchMap":{"0":{"type":"branch","line":3,"loc":{"start":{"line":3,"column":16},"end":{"line":5,"column":1}},"locations":[{"start":{"line":3,"column":16},"end":{"line":5,"column":1}}]}},"b":{"0":[4]},"fnMap":{"0":{"name":"getData","decl":{"start":{"line":3,"column":16},"end":{"line":5,"column":1}},"loc":{"start":{"line":3,"column":16},"end":{"line":5,"column":1}},"line":3}},"f":{"0":4}}
,"/Volumes/External SSD/CodingSpace/TestingPractice/TestingWithJest/Day8/fakeData/fakeData.js": {"path":"/Volumes/External SSD/CodingSpace/TestingPractice/TestingWithJest/Day8/fakeData/fakeData.js","all":false,"statementMap":{"0":{"start":{"line":1,"column":0},"end":{"line":1,"column":18}},"1":{"start":{"line":2,"column":0},"end":{"line":2,"column":17}},"2":{"start":{"line":3,"column":0},"end":{"line":3,"column":1}}},"s":{"0":1,"1":1,"2":1},"branchMap":{},"b":{},"fnMap":{},"f":{}}
}
